{"/Users/jeanabayo/DevApps/Mine/BKTeckhouse/sneaker-city-api/src/app.js": {"path":"/Users/jeanabayo/DevApps/Mine/BKTeckhouse/sneaker-city-api/src/app.js","statementMap":{"0":{"start":{"line":4,"column":12},"end":{"line":4,"column":21}},"1":{"start":{"line":6,"column":0},"end":{"line":6,"column":16}},"2":{"start":{"line":7,"column":0},"end":{"line":7,"column":24}},"3":{"start":{"line":8,"column":0},"end":{"line":8,"column":48}},"4":{"start":{"line":10,"column":0},"end":{"line":10,"column":21}},"5":{"start":{"line":11,"column":0},"end":{"line":15,"column":2}},"6":{"start":{"line":12,"column":2},"end":{"line":14,"column":4}}},"fnMap":{"0":{"name":"(anonymous_0)","decl":{"start":{"line":11,"column":13},"end":{"line":11,"column":14}},"loc":{"start":{"line":12,"column":2},"end":{"line":14,"column":4}},"line":12}},"branchMap":{},"s":{"0":2,"1":2,"2":2,"3":2,"4":2,"5":2,"6":3},"f":{"0":3},"b":{},"_coverageSchema":"1a1c01bbd47fc00a2c39e90264f33305004495a9","hash":"9288d322af4c692e851c05f361fdf1a2497fd0ef"}
,"/Users/jeanabayo/DevApps/Mine/BKTeckhouse/sneaker-city-api/src/api/index.js": {"path":"/Users/jeanabayo/DevApps/Mine/BKTeckhouse/sneaker-city-api/src/api/index.js","statementMap":{"0":{"start":{"line":3,"column":15},"end":{"line":3,"column":23}},"1":{"start":{"line":5,"column":0},"end":{"line":5,"column":23}}},"fnMap":{},"branchMap":{},"s":{"0":2,"1":2},"f":{},"b":{},"_coverageSchema":"1a1c01bbd47fc00a2c39e90264f33305004495a9","hash":"e6388a744979d145a153e6cafaf1bf7fcd744776"}
,"/Users/jeanabayo/DevApps/Mine/BKTeckhouse/sneaker-city-api/src/api/sneakers/controllers.js": {"path":"/Users/jeanabayo/DevApps/Mine/BKTeckhouse/sneaker-city-api/src/api/sneakers/controllers.js","statementMap":{"0":{"start":{"line":4,"column":22},"end":{"line":25,"column":1}},"1":{"start":{"line":5,"column":43},"end":{"line":5,"column":52}},"2":{"start":{"line":11,"column":19},"end":{"line":13,"column":3}},"3":{"start":{"line":12,"column":14},"end":{"line":12,"column":65}},"4":{"start":{"line":15,"column":2},"end":{"line":22,"column":3}},"5":{"start":{"line":16,"column":4},"end":{"line":21,"column":6}},"6":{"start":{"line":17,"column":6},"end":{"line":20,"column":53}},"7":{"start":{"line":23,"column":19},"end":{"line":23,"column":74}},"8":{"start":{"line":24,"column":2},"end":{"line":24,"column":68}},"9":{"start":{"line":27,"column":22},"end":{"line":34,"column":1}},"10":{"start":{"line":28,"column":17},"end":{"line":28,"column":27}},"11":{"start":{"line":29,"column":18},"end":{"line":29,"column":60}},"12":{"start":{"line":29,"column":46},"end":{"line":29,"column":59}},"13":{"start":{"line":30,"column":2},"end":{"line":32,"column":3}},"14":{"start":{"line":31,"column":4},"end":{"line":31,"column":63}},"15":{"start":{"line":33,"column":2},"end":{"line":33,"column":31}}},"fnMap":{"0":{"name":"(anonymous_0)","decl":{"start":{"line":4,"column":22},"end":{"line":4,"column":23}},"loc":{"start":{"line":4,"column":36},"end":{"line":25,"column":1}},"line":4},"1":{"name":"(anonymous_1)","decl":{"start":{"line":12,"column":4},"end":{"line":12,"column":5}},"loc":{"start":{"line":12,"column":14},"end":{"line":12,"column":65}},"line":12},"2":{"name":"(anonymous_2)","decl":{"start":{"line":16,"column":35},"end":{"line":16,"column":36}},"loc":{"start":{"line":17,"column":6},"end":{"line":20,"column":53}},"line":17},"3":{"name":"(anonymous_3)","decl":{"start":{"line":27,"column":22},"end":{"line":27,"column":23}},"loc":{"start":{"line":27,"column":36},"end":{"line":34,"column":1}},"line":27},"4":{"name":"(anonymous_4)","decl":{"start":{"line":29,"column":36},"end":{"line":29,"column":37}},"loc":{"start":{"line":29,"column":46},"end":{"line":29,"column":59}},"line":29}},"branchMap":{"0":{"loc":{"start":{"line":5,"column":18},"end":{"line":5,"column":26}},"type":"default-arg","locations":[{"start":{"line":5,"column":25},"end":{"line":5,"column":26}}],"line":5},"1":{"loc":{"start":{"line":5,"column":28},"end":{"line":5,"column":38}},"type":"default-arg","locations":[{"start":{"line":5,"column":36},"end":{"line":5,"column":38}}],"line":5},"2":{"loc":{"start":{"line":15,"column":2},"end":{"line":22,"column":3}},"type":"if","locations":[{"start":{"line":15,"column":2},"end":{"line":22,"column":3}},{"start":{"line":15,"column":2},"end":{"line":22,"column":3}}],"line":15},"3":{"loc":{"start":{"line":30,"column":2},"end":{"line":32,"column":3}},"type":"if","locations":[{"start":{"line":30,"column":2},"end":{"line":32,"column":3}},{"start":{"line":30,"column":2},"end":{"line":32,"column":3}}],"line":30}},"s":{"0":2,"1":3,"2":3,"3":1203,"4":3,"5":1,"6":80,"7":3,"8":3,"9":2,"10":2,"11":2,"12":81,"13":2,"14":1,"15":1},"f":{"0":3,"1":1203,"2":80,"3":2,"4":81},"b":{"0":[2],"1":[3],"2":[1,2],"3":[1,1]},"_coverageSchema":"1a1c01bbd47fc00a2c39e90264f33305004495a9","hash":"30930f7fe91fa372d2b6ae9c8405eb907a318798"}
,"/Users/jeanabayo/DevApps/Mine/BKTeckhouse/sneaker-city-api/src/api/sneakers/index.js": {"path":"/Users/jeanabayo/DevApps/Mine/BKTeckhouse/sneaker-city-api/src/api/sneakers/index.js","statementMap":{"0":{"start":{"line":4,"column":15},"end":{"line":4,"column":23}},"1":{"start":{"line":6,"column":0},"end":{"line":6,"column":43}},"2":{"start":{"line":7,"column":0},"end":{"line":7,"column":47}}},"fnMap":{},"branchMap":{},"s":{"0":2,"1":2,"2":2},"f":{},"b":{},"_coverageSchema":"1a1c01bbd47fc00a2c39e90264f33305004495a9","hash":"adad90e8e989e45bdfa53f7391ee8adc53adc209"}
,"/Users/jeanabayo/DevApps/Mine/BKTeckhouse/sneaker-city-api/src/database/index.js": {"path":"/Users/jeanabayo/DevApps/Mine/BKTeckhouse/sneaker-city-api/src/database/index.js","statementMap":{"0":{"start":{"line":2,"column":28},"end":{"line":2,"column":32}},"1":{"start":{"line":3,"column":29},"end":{"line":4,"column":45}},"2":{"start":{"line":4,"column":2},"end":{"line":4,"column":45}},"3":{"start":{"line":8,"column":34},"end":{"line":16,"column":3}},"4":{"start":{"line":12,"column":47},"end":{"line":15,"column":5}}},"fnMap":{"0":{"name":"(anonymous_0)","decl":{"start":{"line":3,"column":29},"end":{"line":3,"column":30}},"loc":{"start":{"line":4,"column":2},"end":{"line":4,"column":45}},"line":4},"1":{"name":"(anonymous_1)","decl":{"start":{"line":8,"column":23},"end":{"line":8,"column":24}},"loc":{"start":{"line":8,"column":34},"end":{"line":16,"column":3}},"line":8},"2":{"name":"(anonymous_2)","decl":{"start":{"line":12,"column":36},"end":{"line":12,"column":37}},"loc":{"start":{"line":12,"column":47},"end":{"line":15,"column":5}},"line":12}},"branchMap":{"0":{"loc":{"start":{"line":3,"column":32},"end":{"line":3,"column":40}},"type":"default-arg","locations":[{"start":{"line":3,"column":38},"end":{"line":3,"column":40}}],"line":3},"1":{"loc":{"start":{"line":3,"column":42},"end":{"line":3,"column":49}},"type":"default-arg","locations":[{"start":{"line":3,"column":48},"end":{"line":3,"column":49}}],"line":3}},"s":{"0":2,"1":2,"2":4572,"3":160,"4":4572},"f":{"0":4572,"1":160,"2":4572},"b":{"0":[0],"1":[0]},"_coverageSchema":"1a1c01bbd47fc00a2c39e90264f33305004495a9","hash":"b440da898dffcce9fd2969b91f2ea9164355a39c"}
,"/Users/jeanabayo/DevApps/Mine/BKTeckhouse/sneaker-city-api/src/helpers/index.js": {"path":"/Users/jeanabayo/DevApps/Mine/BKTeckhouse/sneaker-city-api/src/helpers/index.js","statementMap":{"0":{"start":{"line":1,"column":23},"end":{"line":5,"column":64}},"1":{"start":{"line":2,"column":2},"end":{"line":5,"column":64}}},"fnMap":{"0":{"name":"(anonymous_0)","decl":{"start":{"line":1,"column":23},"end":{"line":1,"column":24}},"loc":{"start":{"line":2,"column":2},"end":{"line":5,"column":64}},"line":2}},"branchMap":{"0":{"loc":{"start":{"line":2,"column":2},"end":{"line":5,"column":64}},"type":"binary-expr","locations":[{"start":{"line":2,"column":2},"end":{"line":2,"column":16}},{"start":{"line":3,"column":2},"end":{"line":3,"column":21}},{"start":{"line":4,"column":3},"end":{"line":4,"column":28}},{"start":{"line":4,"column":32},"end":{"line":4,"column":57}},{"start":{"line":5,"column":3},"end":{"line":5,"column":28}},{"start":{"line":5,"column":32},"end":{"line":5,"column":63}}],"line":2}},"s":{"0":3,"1":11},"f":{"0":11},"b":{"0":[11,10,7,3,6,4]},"_coverageSchema":"1a1c01bbd47fc00a2c39e90264f33305004495a9","hash":"932d29dc31a3f67501899395ccdca880239d5284"}
}
