TN:
SF:src/app.js
FN:11,(anonymous_0)
FNF:1
FNH:1
FNDA:3,(anonymous_0)
DA:4,2
DA:6,2
DA:7,2
DA:8,2
DA:10,2
DA:11,2
DA:12,3
LF:7
LH:7
BRF:0
BRH:0
end_of_record
TN:
SF:src/api/index.js
FNF:0
FNH:0
DA:3,2
DA:5,2
LF:2
LH:2
BRF:0
BRH:0
end_of_record
TN:
SF:src/api/sneakers/controllers.js
FN:4,(anonymous_0)
FN:12,(anonymous_1)
FN:16,(anonymous_2)
FN:27,(anonymous_3)
FN:29,(anonymous_4)
FNF:5
FNH:5
FNDA:3,(anonymous_0)
FNDA:1203,(anonymous_1)
FNDA:80,(anonymous_2)
FNDA:2,(anonymous_3)
FNDA:81,(anonymous_4)
DA:4,2
DA:5,3
DA:11,3
DA:12,1203
DA:15,3
DA:16,1
DA:17,80
DA:23,3
DA:24,3
DA:27,2
DA:28,2
DA:29,81
DA:30,2
DA:31,1
DA:33,1
LF:15
LH:15
BRDA:5,0,0,2
BRDA:5,1,0,3
BRDA:15,2,0,1
BRDA:15,2,1,2
BRDA:30,3,0,1
BRDA:30,3,1,1
BRF:6
BRH:6
end_of_record
TN:
SF:src/api/sneakers/index.js
FNF:0
FNH:0
DA:4,2
DA:6,2
DA:7,2
LF:3
LH:3
BRF:0
BRH:0
end_of_record
TN:
SF:src/database/index.js
FN:3,(anonymous_0)
FN:8,(anonymous_1)
FN:12,(anonymous_2)
FNF:3
FNH:3
FNDA:4572,(anonymous_0)
FNDA:160,(anonymous_1)
FNDA:4572,(anonymous_2)
DA:2,2
DA:3,2
DA:4,4572
DA:8,160
DA:12,4572
LF:5
LH:5
BRDA:3,0,0,0
BRDA:3,1,0,0
BRF:2
BRH:0
end_of_record
TN:
SF:src/helpers/index.js
FN:1,(anonymous_0)
FNF:1
FNH:1
FNDA:11,(anonymous_0)
DA:1,3
DA:2,11
LF:2
LH:2
BRDA:2,0,0,11
BRDA:2,0,1,10
BRDA:2,0,2,7
BRDA:2,0,3,3
BRDA:2,0,4,6
BRDA:2,0,5,4
BRF:6
BRH:6
end_of_record
